The file 'results.vpd' was opened successfully.
db'
Loading db file '/app11/synopsys/vcs_vJ-2014.12/gui/dve/libraries/syn/generic.sLoading db file '/app11/synopsys/vcs_vJ-2014.12/gui/dve/libraries/syn/vcs.sdb'
Loading db file '/app11/synopsys/vcs_vJ-2014.12/gui/dve/libraries/syn/vcs.sdb'
Loading db file '/app11/synopsys/vcs_vJ-2014.12/gui/dve/libraries/syn/vcs.sdb'
db'
dve> 
dve> 
The file '/class4/ug19/a168625w/ee4415_part2/part3/vcs/results.vpd' was opened successfully.
dve> 
dve> 
dve> 
dve> 
dve> 
dve> 
dve> 
dve> 
dve> 
dve> 
dve> 
