# Preference setting overrides
gui_create_pref_key -category {Globals} -key {load_detail_for_funcov} -value_type {bool} -value {false}
gui_create_pref_category -category {schem_obj_name}
gui_create_pref_key -category {schem_obj_name} -key {show_cell_and_pin_with_symbol_name} -value_type {bool} -value {false}
gui_create_pref_key -category {schem_pin_hc} -key {textExtFont} -value_type {string} -value {Helvetica,10,-1,5,50,0,0,0,0,0}

# State setting overrides
gui_state_default_create -off -ini
gui_set_state_value -category Globals -key recent_databases -value {{gui_open_db -file results.vpd} {gui_open_db -file /class4/ug19/a168625w/ee4415_part2/part3/vcs/results.vpd -design V2} {gui_open_db -file /class4/ug19/a168625w/ee4415_part2/part1/vcs/results.vpd -design V4} {gui_open_db -file /class4/ug19/a168625w/ee4415_part2/part2/vcs/results.vpd -design V3} {gui_open_db -file /class4/ug19/a168625w/ee4415_part2/part1/vcs/results.vpd -design V2}}
gui_set_state_value -category Layout -key child_console_size_x -value 1535
gui_set_state_value -category Layout -key child_console_size_y -value 106
gui_set_state_value -category Layout -key child_data_coltype -value 68
gui_set_state_value -category Layout -key child_data_colvalue -value 10
gui_set_state_value -category Layout -key child_data_colvariable -value 172
gui_set_state_value -category Layout -key child_data_size_x -value 259
gui_set_state_value -category Layout -key child_data_size_y -value 635
gui_set_state_value -category Layout -key child_driver_size_x -value 1260
gui_set_state_value -category Layout -key child_driver_size_y -value 179
gui_set_state_value -category Layout -key child_hier_col3 -value {-1}
gui_set_state_value -category Layout -key child_hier_colhier -value 115
gui_set_state_value -category Layout -key child_hier_colpd -value 0
gui_set_state_value -category Layout -key child_hier_coltype -value 25
gui_set_state_value -category Layout -key child_hier_size_x -value 149
gui_set_state_value -category Layout -key child_hier_size_y -value 635
gui_set_state_value -category Layout -key child_hier_sort_order -value 1
gui_set_state_value -category Layout -key child_schematic_docknewline -value false
gui_set_state_value -category Layout -key child_schematic_pos_x -value {-2}
gui_set_state_value -category Layout -key child_schematic_pos_y -value {-15}
gui_set_state_value -category Layout -key child_schematic_size_x -value 1130
gui_set_state_value -category Layout -key child_schematic_size_y -value 630
gui_set_state_value -category Layout -key child_source_docknewline -value false
gui_set_state_value -category Layout -key child_source_pos_x -value {-2}
gui_set_state_value -category Layout -key child_source_pos_y -value {-15}
gui_set_state_value -category Layout -key child_source_size_x -value 923
gui_set_state_value -category Layout -key child_source_size_y -value 603
gui_set_state_value -category Layout -key child_wave_colname -value 211
gui_set_state_value -category Layout -key child_wave_colvalue -value 211
gui_set_state_value -category Layout -key child_wave_left -value 427
gui_set_state_value -category Layout -key child_wave_right -value 1040
gui_set_state_value -category Layout -key main_pos_x -value 0
gui_set_state_value -category Layout -key main_pos_y -value 23
gui_set_state_value -category Layout -key main_size_x -value 1535
gui_set_state_value -category Layout -key main_size_y -value 863
gui_set_state_value -category Layout -key stand_schematic_child_docknewline -value false
gui_set_state_value -category Layout -key stand_schematic_child_pos_x -value {-2}
gui_set_state_value -category Layout -key stand_schematic_child_pos_y -value {-15}
gui_set_state_value -category Layout -key stand_schematic_child_size_x -value 1028
gui_set_state_value -category Layout -key stand_schematic_child_size_y -value 447
gui_set_state_value -category Layout -key stand_schematic_top_pos_x -value 86
gui_set_state_value -category Layout -key stand_schematic_top_pos_y -value 109
gui_set_state_value -category Layout -key stand_schematic_top_size_x -value 1109
gui_set_state_value -category Layout -key stand_schematic_top_size_y -value 684
gui_set_state_value -category Layout -key stand_wave_child_docknewline -value false
gui_set_state_value -category Layout -key stand_wave_child_pos_x -value {-2}
gui_set_state_value -category Layout -key stand_wave_child_pos_y -value {-15}
gui_set_state_value -category Layout -key stand_wave_child_size_x -value 1477
gui_set_state_value -category Layout -key stand_wave_child_size_y -value 676
gui_set_state_value -category Layout -key stand_wave_top_pos_x -value 28
gui_set_state_value -category Layout -key stand_wave_top_pos_y -value 51
gui_set_state_value -category Layout -key stand_wave_top_size_x -value 1500
gui_set_state_value -category Layout -key stand_wave_top_size_y -value 831
gui_create_state_key -category FindDialog -key m_pMatchCase -value_type bool -value false
gui_create_state_key -category FindDialog -key m_pMatchWord -value_type bool -value false
gui_create_state_key -category FindDialog -key m_pUseCombo -value_type string -value {}
gui_create_state_key -category FindDialog -key m_pWrapAround -value_type bool -value true
gui_state_default_create -off

# Begin command logging
gui_open_db -file results.vpd
gui_list_expand -id  Hier.1   tb_aes
gui_list_expand -id  Hier.1   tb_aes.dut
gui_list_select -id Hier.1 -current_item_name tb_aes.dut.cntx_top -current_item_type Scope  -selected  { tb_aes.dut.cntx_top   }
gui_list_select -id Hier.1 -current_item_name tb_aes.dut.core_top -current_item_type Scope  -selected  { tb_aes.dut.core_top   }
gui_open_window Wave
gui_list_add -id Wave.1 -from Hier.1 { tb_aes.dut.core_top } -insertionbar
gui_wv_zoom_timerange -id  Wave.1 0 355
gui_zoom -window Wave.1 -factor 0.5
gui_zoom -window Wave.1 -factor 0.5
gui_zoom -window Wave.1 -factor 0.5
gui_zoom -window Wave.1 -factor 0.5
gui_zoom -window Wave.1 -factor 0.5
gui_use_schematics 
gui_sch_show -name tb_aes.dut.core_top
gui_zoom -window Schematic.1 -rect { {-12207 -4093} {22206 14123} }
gui_zoom -window Schematic.1 -rect { {-1659 -67859} {135024 4495} }
gui_zoom -window Schematic.1 -rect { {-1659 -67859} {135024 4495} }
gui_zoom -window Schematic.1 -rect { {-1659 -67859} {135024 4495} }
gui_schematic_select -id Schematic.1 -type {net} -parent {tb_aes.dut.core_top} {tb_aes.dut.core_top.buffer_CT_ip0}
gui_schematic_clear_selection -id Schematic.1
gui_schematic_select -id Schematic.1 -type {net} -parent {tb_aes.dut.core_top} {tb_aes.dut.core_top.clk}
gui_schematic_select -id Schematic.1 -type {net} -parent {tb_aes.dut.core_top} {tb_aes.dut.core_top.buffer_text_A_comb}
gui_schematic_select -id Schematic.1 -type {net} -parent {tb_aes.dut.core_top} {tb_aes.dut.core_top.buffer_SB_ip0}
gui_schematic_clear_selection -id Schematic.1
gui_marker_move -id  Wave.1 C1 6500
gui_wv_scrollright -id  Wave.1  line
gui_wv_scrollright -id  Wave.1  line
gui_wv_scrollright -id  Wave.1  line
gui_wv_scrollright -id  Wave.1  line
gui_list_select -id Wave.1 -selected  { {tb_aes.dut.core_top.buffer_cipher_comb[127:0]}   }
gui_list_move  -id  Wave.1    -sid  Wave.1   -after {tb_aes.dut.core_top.buffer_CT_ip2[127:0]} {{tb_aes.dut.core_top.buffer_cipher_comb[127:0]}} 
gui_list_select -id Wave.1 -selected  { {tb_aes.dut.core_top.buffer_cipher_out[127:0]}   }
gui_list_select -id Wave.1 -selected  { {tb_aes.dut.core_top.cipher_text[127:0]}   }
gui_list_move  -id  Wave.1    -sid  Wave.1   -after {tb_aes.dut.core_top.buffer_CT_ip2[127:0]} {{tb_aes.dut.core_top.cipher_text[127:0]}} 
gui_list_select -id Wave.1 -selected  { {tb_aes.dut.core_top.buffer_KS_ip0[127:0]}   }
gui_list_select -id Wave.1 -selected  { {tb_aes.dut.core_top.buffer_KS_ip0[127:0]}  {tb_aes.dut.core_top.buffer_KS_ip1[127:0]}  {tb_aes.dut.core_top.buffer_KS_ip2[127:0]}   }
gui_list_move  -id  Wave.1    -sid  Wave.1   -after {tb_aes.dut.core_top.cipher_text[127:0]} {{tb_aes.dut.core_top.buffer_KS_ip0[127:0]} {tb_aes.dut.core_top.buffer_KS_ip1[127:0]} {tb_aes.dut.core_top.buffer_KS_ip2[127:0]}} 
gui_list_select -id Wave.1 -selected  { {tb_aes.dut.core_top.buffer_cipher_comb[127:0]}   }
gui_schematic_select -id Schematic.1 -type {cell} -parent {tb_aes.dut.core_top} {tb_aes.dut.core_top.*p@125}
gui_schematic_select -id Schematic.1 -type {pin} -parent {tb_aes.dut.core_top.dff_SB0} {tb_aes.dut.core_top.dff_SB0.buffer_op}
gui_schematic_select -id Schematic.1 -type {cell} -parent {tb_aes.dut.core_top} {tb_aes.dut.core_top.dff_SB0}
gui_schematic_select -id Schematic.1 -type {pin} -parent {tb_aes.dut.core_top.*p@125} {tb_aes.dut.core_top.buffer_text_E}
gui_list_select -id Wave.1 -selected  { {tb_aes.dut.core_top.buffer_KS_ip0[127:0]}   }
gui_list_select -id Wave.1 -selected  { {tb_aes.dut.core_top.buffer_cipher_comb[127:0]}   }
gui_schematic_select -id Schematic.1 -type {net} -parent {tb_aes.dut.core_top} {tb_aes.dut.core_top.buffer_SB_ip0}
gui_schematic_select -id Schematic.1 -type {net} -parent {tb_aes.dut.core_top} {tb_aes.dut.core_top.rndNo}
gui_schematic_select -id Schematic.1 -type {net} -parent {tb_aes.dut.core_top} {tb_aes.dut.core_top.rstn}
gui_schematic_select -id Schematic.1 -type {net} -parent {tb_aes.dut.core_top} {tb_aes.dut.core_top.buffer_text_E}
gui_list_select -id Wave.1 -selected  { {tb_aes.dut.core_top.buffer_text_E[127:0]}   }
gui_list_select -id Wave.1 -selected  { {tb_aes.dut.core_top.buffer_SB_ip0[127:0]}   }
gui_list_select -id Wave.1 -selected  { {tb_aes.dut.core_top.buffer_SB_ip2[127:0]}   }
gui_list_select -id Wave.1 -selected  { {tb_aes.dut.core_top.buffer_SB_ip0[127:0]}   }
gui_list_select -id Wave.1 -selected  { {tb_aes.dut.core_top.buffer_SB_ip0[127:0]}  {tb_aes.dut.core_top.buffer_SB_ip1[127:0]}  {tb_aes.dut.core_top.buffer_SB_ip2[127:0]}   }
gui_list_move  -id  Wave.1    -sid  Wave.1   -after {tb_aes.dut.core_top.buffer_text_E[127:0]} {{tb_aes.dut.core_top.buffer_SB_ip0[127:0]} {tb_aes.dut.core_top.buffer_SB_ip1[127:0]} {tb_aes.dut.core_top.buffer_SB_ip2[127:0]}} 
gui_list_select -id Wave.1 -selected  { {tb_aes.dut.core_top.buffer_SB_ip2[127:0]}   }
gui_list_select -id Wave.1 -selected  { {tb_aes.dut.core_top.buffer_text_A_comb[127:0]}   }
gui_list_move  -id  Wave.1    -sid  Wave.1   -after {tb_aes.dut.core_top.buffer_SB_ip2[127:0]} {{tb_aes.dut.core_top.buffer_text_A_comb[127:0]}} 
gui_marker_move -id  Wave.1 C1 4159
gui_marker_move -id  Wave.1 C1 2585
gui_zoom -window Wave.1 -factor 0.5
gui_zoom -window Wave.1 -factor 2
gui_list_select -id Wave.1 -selected  { {tb_aes.dut.core_top.N[31:0]}   }
gui_marker_select -id  Wave.1 { C1 }
gui_marker_move -id  Wave.1 C1 2500
gui_marker_move -id  Wave.1 C1 1500
gui_marker_move -id  Wave.1 C1 3500
gui_marker_move -id  Wave.1 C1 5500
gui_list_select -id Wave.1 -selected  { tb_aes.dut.core_top.accept   }
gui_seek_next -id Wave.1 -number 1 
gui_seek_next -id Wave.1 -number 1 
gui_wv_scrollright -id  Wave.1  line
gui_wv_scrollright -id  Wave.1  line
gui_wv_scrollright -id  Wave.1  line
gui_wv_scrollright -id  Wave.1  line
gui_wv_scrollright -id  Wave.1  line
gui_list_select -id Wave.1 -selected  { {tb_aes.dut.core_top.cipher_text[127:0]}   }
gui_link_wave_window -link -id Wave.1
gui_link_wave_window -unlink -id Wave.1
gui_wv_scrollright -id  Wave.1  line
gui_seek_previous -id Wave.1 -number 1 
gui_seek_previous -id Wave.1 -number 1 
gui_seek_previous -id Wave.1 -number 1 
gui_seek_previous -id Wave.1 -number 1 
gui_seek_previous -id Wave.1 -number 1 
gui_seek_previous -id Wave.1 -number 1 
gui_seek_next -id Wave.1 -number 1 
gui_seek_next -id Wave.1 -number 1 
gui_seek_next -id Wave.1 -number 1 
gui_seek_next -id Wave.1 -number 1 
gui_seek_next -id Wave.1 -number 1 
gui_seek_next -id Wave.1 -number 1 
gui_seek_next -id Wave.1 -number 1 
gui_marker_move -id  Wave.1 C1 46500
gui_seek_previous -id Wave.1 -number 1 
gui_seek_previous -id Wave.1 -number 1 
gui_seek_previous -id Wave.1 -number 1 
gui_seek_previous -id Wave.1 -number 1 
gui_seek_previous -id Wave.1 -number 1 
gui_seek_previous -id Wave.1 -number 1 
gui_seek_previous -id Wave.1 -number 1 
gui_seek_previous -id Wave.1 -number 1 
gui_seek_previous -id Wave.1 -number 1 
gui_seek_previous -id Wave.1 -number 1 
gui_seek_previous -id Wave.1 -number 1 
gui_seek_previous -id Wave.1 -number 1 
gui_seek_previous -id Wave.1 -number 1 
gui_seek_previous -id Wave.1 -number 1 
gui_seek_previous -id Wave.1 -number 1 
gui_seek_previous -id Wave.1 -number 1 
gui_seek_previous -id Wave.1 -number 1 
gui_list_select -id Wave.1 -selected  { {tb_aes.dut.core_top.buffer_CT_ip0[127:0]}   }
gui_list_select -id Wave.1 -selected  { {tb_aes.dut.core_top.buffer_CT_ip0[127:0]}  {tb_aes.dut.core_top.buffer_CT_ip1[127:0]}  {tb_aes.dut.core_top.buffer_CT_ip2[127:0]}  {tb_aes.dut.core_top.cipher_text[127:0]}   }
gui_list_move  -id  Wave.1    -sid  Wave.1   -after {tb_aes.dut.core_top.buffer_text_A_comb[127:0]} {{tb_aes.dut.core_top.buffer_CT_ip0[127:0]} {tb_aes.dut.core_top.buffer_CT_ip1[127:0]} {tb_aes.dut.core_top.buffer_CT_ip2[127:0]} {tb_aes.dut.core_top.cipher_text[127:0]}} 
gui_marker_move -id  Wave.1 C1 7127
gui_marker_move -id  Wave.1 C1 4149
gui_list_select -id Wave.1 -selected  { {tb_aes.dut.core_top.buffer_text_A_comb[127:0]}   }
gui_list_select -id Wave.1 -selected  { {tb_aes.dut.core_top.cipher_text[127:0]}   }
gui_list_select -id Wave.1 -selected  { {tb_aes.dut.core_top.N[31:0]}   }
gui_marker_move -id  Wave.1 C1 6457
gui_marker_move -id  Wave.1 C1 6500
gui_marker_move -id  Wave.1 C1 2200
gui_marker_move -id  Wave.1 C1 6500
gui_marker_move -id  Wave.1 C1 4000
gui_list_select -id Wave.1 -selected  { {tb_aes.dut.core_top.buffer_text_A[127:0]}   }
gui_list_select -id Wave.1 -selected  { {tb_aes.dut.core_top.buffer_text_E[127:0]}   }
gui_list_select -id Wave.1 -selected  { {tb_aes.dut.core_top.buffer_text_A[127:0]}   }
gui_list_select -id Wave.1 -selected  { {tb_aes.dut.core_top.buffer_text_A[127:0]}  {tb_aes.dut.core_top.buffer_text_B[127:0]}  {tb_aes.dut.core_top.buffer_text_C[127:0]}  {tb_aes.dut.core_top.buffer_text_D[127:0]}  {tb_aes.dut.core_top.buffer_text_E[127:0]}   }
gui_list_move  -id  Wave.1    -sid  Wave.1   -after {tb_aes.dut.core_top.buffer_text_A_comb[127:0]} {{tb_aes.dut.core_top.buffer_text_A[127:0]} {tb_aes.dut.core_top.buffer_text_B[127:0]} {tb_aes.dut.core_top.buffer_text_C[127:0]} {tb_aes.dut.core_top.buffer_text_D[127:0]} {tb_aes.dut.core_top.buffer_text_E[127:0]}} 
gui_marker_move -id  Wave.1 C1 6000
gui_marker_move -id  Wave.1 C1 3000
gui_list_select -id Wave.1 -selected  { {tb_aes.dut.core_top.buffer_text_C[127:0]}   }
gui_list_select -id Wave.1 -selected  { {tb_aes.dut.core_top.N[31:0]}   }
gui_marker_move -id  Wave.1 C1 3542
gui_marker_move -id  Wave.1 C1 3500
gui_marker_move -id  Wave.1 C1 500
gui_marker_move -id  Wave.1 C1 1500
gui_marker_move -id  Wave.1 C1 2500
gui_marker_move -id  Wave.1 C1 3500
gui_wv_scrollright -id  Wave.1  line
gui_wv_scrollright -id  Wave.1  line
gui_marker_move -id  Wave.1 C1 9170
gui_marker_move -id  Wave.1 C1 10500
gui_list_select -id Wave.1 -selected  { {tb_aes.dut.core_top.buffer_cipher_out[127:0]}   }
gui_wv_scrollright -id  Wave.1  line
gui_wv_scrollright -id  Wave.1  line
gui_wv_scrollright -id  Wave.1  line
gui_wv_scrollright -id  Wave.1  line
gui_wv_scrollright -id  Wave.1  line
gui_wv_scrollright -id  Wave.1  line
gui_wv_scrollright -id  Wave.1  line
gui_marker_move -id  Wave.1 C1 6000
gui_wv_scrollleft -id  Wave.1  line
gui_wv_scrollleft -id  Wave.1  line
gui_wv_scrollleft -id  Wave.1  line
gui_wv_scrollleft -id  Wave.1  line
gui_wv_scrollleft -id  Wave.1  line
gui_wv_scrollleft -id  Wave.1  line
gui_wv_scrollleft -id  Wave.1  line
gui_wv_scrollleft -id  Wave.1  line
gui_marker_move -id  Wave.1 C1 5000
gui_marker_move -id  Wave.1 C1 4000
gui_list_select -id Wave.1 -selected  { {tb_aes.dut.core_top.cipher_key[127:0]}   }
gui_list_select -id Wave.1 -selected  { {tb_aes.dut.core_top.buffer_cipher_in[127:0]}   }
gui_marker_move -id  Wave.1 C1 4500
gui_list_select -id Wave.1 -selected  { {tb_aes.dut.core_top.buffer_cipher_out[127:0]}   }
gui_schematic_select -id Schematic.1 -type {net} -parent {tb_aes.dut.core_top} {tb_aes.dut.core_top.buffer_cipher_out}
gui_marker_move -id  Wave.1 C1 7500
gui_list_select -id Wave.1 -selected  { {tb_aes.dut.core_top.buffer_KS_ip0[127:0]}   }
gui_list_select -id Wave.1 -selected  { {tb_aes.dut.core_top.buffer_KS_ip0[127:0]}  {tb_aes.dut.core_top.buffer_KS_ip1[127:0]}  {tb_aes.dut.core_top.buffer_KS_ip2[127:0]}   }
gui_list_move  -id  Wave.1    -sid  Wave.1   -after {tb_aes.dut.core_top.buffer_cipher_out[127:0]} {{tb_aes.dut.core_top.buffer_KS_ip0[127:0]} {tb_aes.dut.core_top.buffer_KS_ip1[127:0]} {tb_aes.dut.core_top.buffer_KS_ip2[127:0]}} 
gui_list_select -id Wave.1 -selected  { {tb_aes.dut.core_top.buffer_cipher_out[127:0]}   }
gui_list_select -id Wave.1 -selected  { tb_aes.dut.core_top.enbMC   }
gui_list_select -id Wave.1 -selected  { {tb_aes.dut.core_top.buffer_cipher_comb[127:0]}   }
gui_marker_move -id  Wave.1 C1 4000
gui_list_select -id Wave.1 -selected  { {tb_aes.dut.core_top.buffer_KS_ip0[127:0]}   }
gui_marker_move -id  Wave.1 C1 3000
gui_marker_move -id  Wave.1 C1 2500
gui_wv_scrollright -id  Wave.1  line
gui_wv_scrollright -id  Wave.1  line
gui_wv_scrollright -id  Wave.1  line
gui_wv_scrollleft -id  Wave.1  line
gui_wv_scrollleft -id  Wave.1  line
gui_wv_scrollleft -id  Wave.1  line
gui_wv_scrollleft -id  Wave.1  line
gui_list_select -id Wave.1 -selected  { {tb_aes.dut.core_top.buffer_KS_ip2[127:0]}   }
gui_marker_move -id  Wave.1 C1 4000
gui_list_select -id Hier.1 -current_item_name tb_aes.dut -current_item_type Scope  -selected  { tb_aes.dut   }
gui_use_schematics 
gui_sch_show -name tb_aes.dut
gui_zoom -window Schematic.2 -rect { {-12207 -4093} {22206 14123} }
gui_zoom -window Schematic.2 -rect { {-12207 -4093} {22206 14123} }
gui_zoom -window Schematic.2 -rect { {-13455 -36468} {64734 4923} }
gui_zoom -window Schematic.2 -rect { {-13455 -36468} {64734 4923} }
gui_schematic_select -id Schematic.2 -type {cell} -parent {tb_aes.dut} {tb_aes.dut.cntx_top}
gui_sch_viewport_backup -id Schematic.2 -type save
gui_sch_show -window Schematic.2 -name tb_aes.dut.cntx_top
gui_zoom -window Schematic.2 -rect { {-12774 -41100} {74226 4954} }
gui_zoom -window Schematic.2 -rect { {-12774 -41100} {74226 4954} }
gui_sch_viewport_backup -id Schematic.2 -type restore -action in -pins {} -slct_targets global
gui_schematic_clear_selection -id Schematic.2
gui_schematic_select -id Schematic.2 -type {net} -parent {tb_aes.dut.cntx_top} {tb_aes.dut.cntx_top.clk}
